<?xml version="1.0" encoding="UTF-8"?>
<testng-results ignored="0" total="1" passed="1" failed="0" skipped="0">
  <reporter-output>
  </reporter-output>
  <suite started-at="2025-05-18T18:47:22 IST" name="Default suite" finished-at="2025-05-18T18:47:28 IST" duration-ms="5790">
    <groups>
    </groups>
    <test started-at="2025-05-18T18:47:22 IST" name="Default test" finished-at="2025-05-18T18:47:28 IST" duration-ms="5790">
      <class name="testcases.SignupScenario">
        <test-method is-config="true" signature="launchBrowser()[pri:0, instance:testcases.SignupScenario@7e057f43]" started-at="2025-05-18T18:47:23 IST" name="launchBrowser" finished-at="2025-05-18T18:47:26 IST" duration-ms="3666" status="PASS">
          <reporter-output>
          </reporter-output>
        </test-method> <!-- launchBrowser -->
        <test-method signature="tc02_validate_signup_functionality()[pri:0, instance:testcases.SignupScenario@7e057f43]" started-at="2025-05-18T18:47:26 IST" name="tc02_validate_signup_functionality" finished-at="2025-05-18T18:47:28 IST" duration-ms="2017" status="PASS">
          <reporter-output>
          </reporter-output>
        </test-method> <!-- tc02_validate_signup_functionality -->
        <test-method is-config="true" signature="closeBrowser()[pri:0, instance:testcases.SignupScenario@7e057f43]" started-at="2025-05-18T18:47:28 IST" name="closeBrowser" finished-at="2025-05-18T18:47:28 IST" duration-ms="1" status="PASS">
          <reporter-output>
          </reporter-output>
        </test-method> <!-- closeBrowser -->
      </class> <!-- testcases.SignupScenario -->
    </test> <!-- Default test -->
  </suite> <!-- Default suite -->
</testng-results>
